# JRE version: OpenJDK Runtime Environment (8.0_92-b14) (build 1.8.0_92-b14)
# Java VM: OpenJDK 64-Bit Server VM (25.92-b14 mixed mode linux-amd64 compressed oops)
Heap:
 PSYoungGen      total 74752K, used 2915K [0x000000076d000000, 0x0000000775880000, 0x00000007c0000000)
  eden space 64512K, 4% used [0x000000076d000000,0x000000076d2d8d70,0x0000000770f00000)
  from space 10240K, 0% used [0x0000000770f00000,0x0000000770f00000,0x0000000771900000)
  to   space 10240K, 0% used [0x0000000774e80000,0x0000000774e80000,0x0000000775880000)
 ParOldGen       total 114176K, used 21781K [0x00000006c7000000, 0x00000006cdf80000, 0x000000076d000000)
  object space 114176K, 19% used [0x00000006c7000000,0x00000006c85457e8,0x00000006cdf80000)
 Metaspace       used 20081K, capacity 21312K, committed 21376K, reserved 1067008K
  class space    used 2663K, capacity 2915K, committed 2944K, reserved 1048576K
GC Heap History (8 events):
Event: 1.273 GC heap before
{Heap before GC invocations=1 (full 0):
 PSYoungGen      total 74752K, used 64512K [0x000000076d000000, 0x0000000772300000, 0x00000007c0000000)
  eden space 64512K, 100% used [0x000000076d000000,0x0000000770f00000,0x0000000770f00000)
  from space 10240K, 0% used [0x0000000771900000,0x0000000771900000,0x0000000772300000)
  to   space 10240K, 0% used [0x0000000770f00000,0x0000000770f00000,0x0000000771900000)
 ParOldGen       total 171008K, used 0K [0x00000006c7000000, 0x00000006d1700000, 0x000000076d000000)
  object space 171008K, 0% used [0x00000006c7000000,0x00000006c7000000,0x00000006d1700000)
 Metaspace       used 13188K, capacity 13682K, committed 13952K, reserved 1060864K
  class space    used 1745K, capacity 1872K, committed 1920K, reserved 1048576K
Event: 1.298 GC heap after
Heap after GC invocations=1 (full 0):
 PSYoungGen      total 74752K, used 10224K [0x000000076d000000, 0x0000000776200000, 0x00000007c0000000)
  eden space 64512K, 0% used [0x000000076d000000,0x000000076d000000,0x0000000770f00000)
  from space 10240K, 99% used [0x0000000770f00000,0x00000007718fc030,0x0000000771900000)
  to   space 10240K, 0% used [0x0000000775800000,0x0000000775800000,0x0000000776200000)
 ParOldGen       total 171008K, used 7579K [0x00000006c7000000, 0x00000006d1700000, 0x000000076d000000)
  object space 171008K, 4% used [0x00000006c7000000,0x00000006c7766e68,0x00000006d1700000)
 Metaspace       used 13188K, capacity 13682K, committed 13952K, reserved 1060864K
  class space    used 1745K, capacity 1872K, committed 1920K, reserved 1048576K
}
Event: 49.261 GC heap before
{Heap before GC invocations=2 (full 0):
 PSYoungGen      total 74752K, used 74736K [0x000000076d000000, 0x0000000776200000, 0x00000007c0000000)
  eden space 64512K, 100% used [0x000000076d000000,0x0000000770f00000,0x0000000770f00000)
  from space 10240K, 99% used [0x0000000770f00000,0x00000007718fc030,0x0000000771900000)
  to   space 10240K, 0% used [0x0000000775800000,0x0000000775800000,0x0000000776200000)
 ParOldGen       total 171008K, used 7579K [0x00000006c7000000, 0x00000006d1700000, 0x000000076d000000)
  object space 171008K, 4% used [0x00000006c7000000,0x00000006c7766e68,0x00000006d1700000)
 Metaspace       used 19876K, capacity 21114K, committed 21296K, reserved 1067008K
  class space    used 2650K, capacity 2914K, committed 2944K, reserved 1048576K
Event: 49.281 GC heap after
Heap after GC invocations=2 (full 0):
 PSYoungGen      total 74752K, used 10224K [0x000000076d000000, 0x0000000776200000, 0x00000007c0000000)
  eden space 64512K, 0% used [0x000000076d000000,0x000000076d000000,0x0000000770f00000)
  from space 10240K, 99% used [0x0000000775800000,0x00000007761fc058,0x0000000776200000)
  to   space 10240K, 0% used [0x0000000770f00000,0x0000000770f00000,0x0000000771900000)
 ParOldGen       total 171008K, used 23813K [0x00000006c7000000, 0x00000006d1700000, 0x000000076d000000)
  object space 171008K, 13% used [0x00000006c7000000,0x00000006c87417f8,0x00000006d1700000)
 Metaspace       used 19876K, capacity 21114K, committed 21296K, reserved 1067008K
  class space    used 2650K, capacity 2914K, committed 2944K, reserved 1048576K
}
Event: 50.700 GC heap before
{Heap before GC invocations=3 (full 0):
 PSYoungGen      total 74752K, used 20020K [0x000000076d000000, 0x0000000776200000, 0x00000007c0000000)
  eden space 64512K, 15% used [0x000000076d000000,0x000000076d991258,0x0000000770f00000)
  from space 10240K, 99% used [0x0000000775800000,0x00000007761fc058,0x0000000776200000)
  to   space 10240K, 0% used [0x0000000770f00000,0x0000000770f00000,0x0000000771900000)
 ParOldGen       total 171008K, used 23813K [0x00000006c7000000, 0x00000006d1700000, 0x000000076d000000)
  object space 171008K, 13% used [0x00000006c7000000,0x00000006c87417f8,0x00000006d1700000)
 Metaspace       used 20078K, capacity 21248K, committed 21296K, reserved 1067008K
  class space    used 2663K, capacity 2915K, committed 2944K, reserved 1048576K
Event: 50.712 GC heap after
Heap after GC invocations=3 (full 0):
 PSYoungGen      total 74752K, used 10208K [0x000000076d000000, 0x0000000775880000, 0x00000007c0000000)
  eden space 64512K, 0% used [0x000000076d000000,0x000000076d000000,0x0000000770f00000)
  from space 10240K, 99% used [0x0000000770f00000,0x00000007718f8048,0x0000000771900000)
  to   space 10240K, 0% used [0x0000000774e80000,0x0000000774e80000,0x0000000775880000)
 ParOldGen       total 171008K, used 26136K [0x00000006c7000000, 0x00000006d1700000, 0x000000076d000000)
  object space 171008K, 15% used [0x00000006c7000000,0x00000006c8986090,0x00000006d1700000)
 Metaspace       used 20078K, capacity 21248K, committed 21296K, reserved 1067008K
  class space    used 2663K, capacity 2915K, committed 2944K, reserved 1048576K
}
Event: 50.712 GC heap before
{Heap before GC invocations=4 (full 1):
 PSYoungGen      total 74752K, used 10208K [0x000000076d000000, 0x0000000775880000, 0x00000007c0000000)
  eden space 64512K, 0% used [0x000000076d000000,0x000000076d000000,0x0000000770f00000)
  from space 10240K, 99% used [0x0000000770f00000,0x00000007718f8048,0x0000000771900000)
  to   space 10240K, 0% used [0x0000000774e80000,0x0000000774e80000,0x0000000775880000)
 ParOldGen       total 171008K, used 26136K [0x00000006c7000000, 0x00000006d1700000, 0x000000076d000000)
  object space 171008K, 15% used [0x00000006c7000000,0x00000006c8986090,0x00000006d1700000)
 Metaspace       used 20078K, capacity 21248K, committed 21296K, reserved 1067008K
  class space    used 2663K, capacity 2915K, committed 2944K, reserved 1048576K
Event: 50.775 GC heap after
Heap after GC invocations=4 (full 1):
 PSYoungGen      total 74752K, used 0K [0x000000076d000000, 0x0000000775880000, 0x00000007c0000000)
  eden space 64512K, 0% used [0x000000076d000000,0x000000076d000000,0x0000000770f00000)
  from space 10240K, 0% used [0x0000000770f00000,0x0000000770f00000,0x0000000771900000)
  to   space 10240K, 0% used [0x0000000774e80000,0x0000000774e80000,0x0000000775880000)
 ParOldGen       total 114176K, used 21781K [0x00000006c7000000, 0x00000006cdf80000, 0x000000076d000000)
  object space 114176K, 19% used [0x00000006c7000000,0x00000006c85457e8,0x00000006cdf80000)
 Metaspace       used 20078K, capacity 21248K, committed 21296K, reserved 1067008K
  class space    used 2663K, capacity 2915K, committed 2944K, reserved 1048576K
}

